{"service":"nomad-navigator","flowId":"masterParser_1757448113401_djttyyerk","flowName":"masterParser","inputLength":35,"category":"AI","timestamp":"2025-09-09 20:01:53","level":"info","message":"AI Flow Started"}
{"service":"nomad-navigator","flowId":"masterParser_1757448113401_djttyyerk","flowName":"masterParser","duration":241,"success":false,"metrics":{"error":"doc.dates is not a function"},"category":"AI","timestamp":"2025-09-09 20:01:53","level":"info","message":"AI Flow Completed"}

{"service":"nomad-navigator","flowId":"masterParser_1757448113664_2gvtmyixt","flowName":"masterParser","inputLength":50,"category":"AI","timestamp":"2025-09-09 20:01:53","level":"info","message":"AI Flow Started"}
{"service":"nomad-navigator","flowId":"masterParser_1757448113664_2gvtmyixt","flowName":"masterParser","duration":9,"success":false,"metrics":{"error":"doc.dates is not a function"},"category":"AI","timestamp":"2025-09-09 20:01:53","level":"info","message":"AI Flow Completed"}

{"service":"nomad-navigator","flowId":"masterParser_1757448113679_ifyvod5rl","flowName":"masterParser","inputLength":54,"category":"AI","timestamp":"2025-09-09 20:01:53","level":"info","message":"AI Flow Started"}
{"service":"nomad-navigator","flowId":"masterParser_1757448113679_ifyvod5rl","flowName":"masterParser","duration":11,"success":false,"metrics":{"error":"doc.dates is not a function"},"category":"AI","timestamp":"2025-09-09 20:01:53","level":"info","message":"AI Flow Completed"}

{"service":"nomad-navigator","flowId":"masterParser_1757448113693_gndp5fd26","flowName":"masterParser","inputLength":68,"category":"AI","timestamp":"2025-09-09 20:01:53","level":"info","message":"AI Flow Started"}
{"service":"nomad-navigator","flowId":"masterParser_1757448113693_gndp5fd26","flowName":"masterParser","duration":6,"success":false,"metrics":{"error":"doc.dates is not a function"},"category":"AI","timestamp":"2025-09-09 20:01:53","level":"info","message":"AI Flow Completed"}

{"service":"nomad-navigator","flowId":"masterParser_1757448113701_fut8vhqj5","flowName":"masterParser","inputLength":90,"category":"AI","timestamp":"2025-09-09 20:01:53","level":"info","message":"AI Flow Started"}
{"service":"nomad-navigator","flowId":"masterParser_1757448113701_fut8vhqj5","flowName":"masterParser","duration":20,"success":false,"metrics":{"error":"doc.dates is not a function"},"category":"AI","timestamp":"2025-09-09 20:01:53","level":"info","message":"AI Flow Completed"}

{"service":"nomad-navigator","flowId":"masterParser_1757448113724_45t8r3b9n","flowName":"masterParser","inputLength":95,"category":"AI","timestamp":"2025-09-09 20:01:53","level":"info","message":"AI Flow Started"}
{"service":"nomad-navigator","flowId":"masterParser_1757448113724_45t8r3b9n","flowName":"masterParser","duration":11,"success":false,"metrics":{"error":"doc.dates is not a function"},"category":"AI","timestamp":"2025-09-09 20:01:53","level":"info","message":"AI Flow Completed"}

{"service":"nomad-navigator","flowId":"masterParser_1757448139678_uq5anl425","flowName":"masterParser","inputLength":35,"category":"AI","timestamp":"2025-09-09 20:02:19","level":"info","message":"AI Flow Started"}

{"service":"nomad-navigator","flowId":"masterParser_1757448139678_uq5anl425","flowName":"masterParser","duration":146,"success":true,"metrics":{"confidence":"high","destinationCount":1,"processingTime":145},"category":"AI","timestamp":"2025-09-09 20:02:19","level":"info","message":"AI Flow Completed"}
{"service":"nomad-navigator","flowId":"masterParser_1757448139826_yn873qbrh","flowName":"masterParser","inputLength":50,"category":"AI","timestamp":"2025-09-09 20:02:19","level":"info","message":"AI Flow Started"}

{"service":"nomad-navigator","flowId":"masterParser_1757448139826_yn873qbrh","flowName":"masterParser","duration":14,"success":true,"metrics":{"confidence":"high","destinationCount":2,"processingTime":13},"category":"AI","timestamp":"2025-09-09 20:02:19","level":"info","message":"AI Flow Completed"}
{"service":"nomad-navigator","flowId":"masterParser_1757448139842_zfg50owim","flowName":"masterParser","inputLength":54,"category":"AI","timestamp":"2025-09-09 20:02:19","level":"info","message":"AI Flow Started"}

{"service":"nomad-navigator","flowId":"masterParser_1757448139842_zfg50owim","flowName":"masterParser","duration":11,"success":true,"metrics":{"confidence":"high","destinationCount":3,"processingTime":10},"category":"AI","timestamp":"2025-09-09 20:02:19","level":"info","message":"AI Flow Completed"}
{"service":"nomad-navigator","flowId":"masterParser_1757448139854_02niyvtti","flowName":"masterParser","inputLength":68,"category":"AI","timestamp":"2025-09-09 20:02:19","level":"info","message":"AI Flow Started"}

{"service":"nomad-navigator","flowId":"masterParser_1757448139854_02niyvtti","flowName":"masterParser","duration":7,"success":true,"metrics":{"confidence":"high","destinationCount":3,"processingTime":7},"category":"AI","timestamp":"2025-09-09 20:02:19","level":"info","message":"AI Flow Completed"}
{"service":"nomad-navigator","flowId":"masterParser_1757448139863_i3zw3zrp3","flowName":"masterParser","inputLength":90,"category":"AI","timestamp":"2025-09-09 20:02:19","level":"info","message":"AI Flow Started"}

{"service":"nomad-navigator","flowId":"masterParser_1757448139863_i3zw3zrp3","flowName":"masterParser","duration":17,"success":true,"metrics":{"confidence":"medium","destinationCount":1,"processingTime":16},"category":"AI","timestamp":"2025-09-09 20:02:19","level":"info","message":"AI Flow Completed"}
{"service":"nomad-navigator","flowId":"masterParser_1757448139881_no9a7oi0n","flowName":"masterParser","inputLength":95,"category":"AI","timestamp":"2025-09-09 20:02:19","level":"info","message":"AI Flow Started"}

{"service":"nomad-navigator","flowId":"masterParser_1757448139881_no9a7oi0n","flowName":"masterParser","duration":11,"success":true,"metrics":{"confidence":"high","destinationCount":4,"processingTime":11},"category":"AI","timestamp":"2025-09-09 20:02:19","level":"info","message":"AI Flow Completed"}
{"service":"nomad-navigator","flowId":"masterParser_1757448452657_e4oay6e10","flowName":"masterParser","inputLength":42,"category":"AI","timestamp":"2025-09-09 20:07:32","level":"info","message":"AI Flow Started"}

{"service":"nomad-navigator","flowId":"masterParser_1757448452657_e4oay6e10","flowName":"masterParser","duration":141,"success":true,"metrics":{"confidence":"high","destinationCount":2,"processingTime":139},"category":"AI","timestamp":"2025-09-09 20:07:32","level":"info","message":"AI Flow Completed"}
{"service":"nomad-navigator","flowId":"masterParser_1757448474421_atrza8v3d","flowName":"masterParser","inputLength":68,"category":"AI","timestamp":"2025-09-09 20:07:54","level":"info","message":"AI Flow Started"}

{"service":"nomad-navigator","flowId":"masterParser_1757448474421_atrza8v3d","flowName":"masterParser","duration":20,"success":true,"metrics":{"confidence":"high","destinationCount":3,"processingTime":19},"category":"AI","timestamp":"2025-09-09 20:07:54","level":"info","message":"AI Flow Completed"}
{"service":"nomad-navigator","flowId":"masterParser_1757448533369_m7nvmz8hi","flowName":"masterParser","inputLength":102,"category":"AI","timestamp":"2025-09-09 20:08:53","level":"info","message":"AI Flow Started"}

{"service":"nomad-navigator","flowId":"masterParser_1757448533369_m7nvmz8hi","flowName":"masterParser","duration":39,"success":true,"metrics":{"confidence":"medium","destinationCount":2,"processingTime":38},"category":"AI","timestamp":"2025-09-09 20:08:53","level":"info","message":"AI Flow Completed"}
{"service":"nomad-navigator","flowId":"masterParser_1757448537422_3o0iz661b","flowName":"masterParser","inputLength":55,"category":"AI","timestamp":"2025-09-09 20:08:57","level":"info","message":"AI Flow Started"}

{"service":"nomad-navigator","flowId":"masterParser_1757448537422_3o0iz661b","flowName":"masterParser","duration":50,"success":true,"metrics":{"confidence":"high","destinationCount":3,"processingTime":50},"category":"AI","timestamp":"2025-09-09 20:08:57","level":"info","message":"AI Flow Completed"}

{"service":"nomad-navigator","flowId":"masterParserV3_1757449302863_eicntc44g","flowName":"masterParserV3","inputLength":44,"category":"AI","timestamp":"2025-09-09 20:21:42","level":"info","message":"AI Flow Started"}


{"service":"nomad-navigator","flowId":"masterParser_1757449302890_cr02e3vmb","flowName":"masterParser","inputLength":44,"category":"AI","timestamp":"2025-09-09 20:21:42","level":"info","message":"AI Flow Started"}

{"service":"nomad-navigator","flowId":"masterParser_1757449302890_cr02e3vmb","flowName":"masterParser","duration":233,"success":true,"metrics":{"confidence":"high","destinationCount":2,"processingTime":231},"category":"AI","timestamp":"2025-09-09 20:21:43","level":"info","message":"AI Flow Completed"}




{"service":"nomad-navigator","flowId":"masterParserV3_1757449302863_eicntc44g","flowName":"masterParserV3","duration":352,"success":true,"metrics":{"phase":"v3","confidence":"high","contextUsed":true,"predictionsGenerated":true,"processingTime":306},"category":"AI","timestamp":"2025-09-09 20:21:43","level":"info","message":"AI Flow Completed"}
{"service":"nomad-navigator","flowId":"masterParserV3_1757449302863_eicntc44g","flowName":"masterParserV3","duration":0,"success":false,"metrics":{"error":"import_enhanced_logger.enhancedLogger.info is not a function"},"category":"AI","timestamp":"2025-09-09 20:21:43","level":"info","message":"AI Flow Completed"}

{"service":"nomad-navigator","flowId":"masterParser_1757449303226_f99zdxodi","flowName":"masterParser","inputLength":44,"category":"AI","timestamp":"2025-09-09 20:21:43","level":"info","message":"AI Flow Started"}

{"service":"nomad-navigator","flowId":"masterParser_1757449303226_f99zdxodi","flowName":"masterParser","duration":56,"success":true,"metrics":{"confidence":"medium","destinationCount":1,"processingTime":56},"category":"AI","timestamp":"2025-09-09 20:21:43","level":"info","message":"AI Flow Completed"}
{"service":"nomad-navigator","flowId":"masterParserV3_1757449303292_4x2rh99dc","flowName":"masterParserV3","inputLength":27,"category":"AI","timestamp":"2025-09-09 20:21:43","level":"info","message":"AI Flow Started"}

{"service":"nomad-navigator","flowId":"masterParser_1757449303312_mkbg9vsvx","flowName":"masterParser","inputLength":27,"category":"AI","timestamp":"2025-09-09 20:21:43","level":"info","message":"AI Flow Started"}

{"service":"nomad-navigator","flowId":"masterParser_1757449303312_mkbg9vsvx","flowName":"masterParser","duration":54,"success":true,"metrics":{"confidence":"medium","destinationCount":1,"processingTime":52},"category":"AI","timestamp":"2025-09-09 20:21:43","level":"info","message":"AI Flow Completed"}




{"service":"nomad-navigator","flowId":"masterParserV3_1757449303292_4x2rh99dc","flowName":"masterParserV3","duration":117,"success":true,"metrics":{"phase":"v3","confidence":"low","contextUsed":true,"predictionsGenerated":true,"processingTime":93},"category":"AI","timestamp":"2025-09-09 20:21:43","level":"info","message":"AI Flow Completed"}
{"service":"nomad-navigator","flowId":"masterParserV3_1757449303292_4x2rh99dc","flowName":"masterParserV3","duration":0,"success":false,"metrics":{"error":"import_enhanced_logger.enhancedLogger.info is not a function"},"category":"AI","timestamp":"2025-09-09 20:21:43","level":"info","message":"AI Flow Completed"}

{"service":"nomad-navigator","flowId":"masterParser_1757449303423_tb463wfrd","flowName":"masterParser","inputLength":27,"category":"AI","timestamp":"2025-09-09 20:21:43","level":"info","message":"AI Flow Started"}

{"service":"nomad-navigator","flowId":"masterParser_1757449303423_tb463wfrd","flowName":"masterParser","duration":16,"success":true,"metrics":{"confidence":"medium","destinationCount":1,"processingTime":11},"category":"AI","timestamp":"2025-09-09 20:21:43","level":"info","message":"AI Flow Completed"}
{"service":"nomad-navigator","flowId":"masterParserV3_1757449303444_7b8ed15ng","flowName":"masterParserV3","inputLength":34,"category":"AI","timestamp":"2025-09-09 20:21:43","level":"info","message":"AI Flow Started"}
{"service":"nomad-navigator","flowId":"masterParser_1757449303447_soq48dgf3","flowName":"masterParser","inputLength":34,"category":"AI","timestamp":"2025-09-09 20:21:43","level":"info","message":"AI Flow Started"}

{"service":"nomad-navigator","flowId":"masterParser_1757449303447_soq48dgf3","flowName":"masterParser","duration":12,"success":true,"metrics":{"confidence":"high","destinationCount":2,"processingTime":12},"category":"AI","timestamp":"2025-09-09 20:21:43","level":"info","message":"AI Flow Completed"}





{"service":"nomad-navigator","flowId":"masterParserV3_1757449303444_7b8ed15ng","flowName":"masterParserV3","duration":47,"success":true,"metrics":{"phase":"v3","confidence":"medium","contextUsed":true,"predictionsGenerated":true,"processingTime":25},"category":"AI","timestamp":"2025-09-09 20:21:43","level":"info","message":"AI Flow Completed"}
{"service":"nomad-navigator","flowId":"masterParserV3_1757449303444_7b8ed15ng","flowName":"masterParserV3","duration":0,"success":false,"metrics":{"error":"import_enhanced_logger.enhancedLogger.info is not a function"},"category":"AI","timestamp":"2025-09-09 20:21:43","level":"info","message":"AI Flow Completed"}

{"service":"nomad-navigator","flowId":"masterParser_1757449303500_ctj3655ii","flowName":"masterParser","inputLength":34,"category":"AI","timestamp":"2025-09-09 20:21:43","level":"info","message":"AI Flow Started"}

{"service":"nomad-navigator","flowId":"masterParser_1757449303500_ctj3655ii","flowName":"masterParser","duration":14,"success":true,"metrics":{"confidence":"high","destinationCount":2,"processingTime":13},"category":"AI","timestamp":"2025-09-09 20:21:43","level":"info","message":"AI Flow Completed"}
{"service":"nomad-navigator","flowId":"masterParserV3_1757449303516_fe02xfcon","flowName":"masterParserV3","inputLength":29,"category":"AI","timestamp":"2025-09-09 20:21:43","level":"info","message":"AI Flow Started"}
{"service":"nomad-navigator","flowId":"masterParser_1757449303517_nn530pnwa","flowName":"masterParser","inputLength":29,"category":"AI","timestamp":"2025-09-09 20:21:43","level":"info","message":"AI Flow Started"}

{"service":"nomad-navigator","flowId":"masterParser_1757449303517_nn530pnwa","flowName":"masterParser","duration":17,"success":true,"metrics":{"confidence":"medium","destinationCount":1,"processingTime":16},"category":"AI","timestamp":"2025-09-09 20:21:43","level":"info","message":"AI Flow Completed"}





{"service":"nomad-navigator","flowId":"masterParserV3_1757449303516_fe02xfcon","flowName":"masterParserV3","duration":54,"success":true,"metrics":{"phase":"v3","confidence":"low","contextUsed":true,"predictionsGenerated":true,"processingTime":30},"category":"AI","timestamp":"2025-09-09 20:21:43","level":"info","message":"AI Flow Completed"}
{"service":"nomad-navigator","flowId":"masterParserV3_1757449303516_fe02xfcon","flowName":"masterParserV3","duration":0,"success":false,"metrics":{"error":"import_enhanced_logger.enhancedLogger.info is not a function"},"category":"AI","timestamp":"2025-09-09 20:21:43","level":"info","message":"AI Flow Completed"}

{"service":"nomad-navigator","flowId":"masterParser_1757449303582_rdvr4kkke","flowName":"masterParser","inputLength":29,"category":"AI","timestamp":"2025-09-09 20:21:43","level":"info","message":"AI Flow Started"}

{"service":"nomad-navigator","flowId":"masterParser_1757449303582_rdvr4kkke","flowName":"masterParser","duration":12,"success":true,"metrics":{"confidence":"medium","destinationCount":1,"processingTime":11},"category":"AI","timestamp":"2025-09-09 20:21:43","level":"info","message":"AI Flow Completed"}
{"service":"nomad-navigator","flowId":"masterParserV3_1757449303596_1tb4b6ls3","flowName":"masterParserV3","inputLength":23,"category":"AI","timestamp":"2025-09-09 20:21:43","level":"info","message":"AI Flow Started"}
{"service":"nomad-navigator","flowId":"masterParser_1757449303600_7hg5xht8x","flowName":"masterParser","inputLength":23,"category":"AI","timestamp":"2025-09-09 20:21:43","level":"info","message":"AI Flow Started"}

{"service":"nomad-navigator","flowId":"masterParser_1757449303600_7hg5xht8x","flowName":"masterParser","duration":10,"success":true,"metrics":{"confidence":"high","destinationCount":1,"processingTime":9},"category":"AI","timestamp":"2025-09-09 20:21:43","level":"info","message":"AI Flow Completed"}





{"service":"nomad-navigator","flowId":"masterParserV3_1757449303596_1tb4b6ls3","flowName":"masterParserV3","duration":38,"success":true,"metrics":{"phase":"v3","confidence":"medium","contextUsed":true,"predictionsGenerated":true,"processingTime":24},"category":"AI","timestamp":"2025-09-09 20:21:43","level":"info","message":"AI Flow Completed"}
{"service":"nomad-navigator","flowId":"masterParserV3_1757449303596_1tb4b6ls3","flowName":"masterParserV3","duration":0,"success":false,"metrics":{"error":"import_enhanced_logger.enhancedLogger.info is not a function"},"category":"AI","timestamp":"2025-09-09 20:21:43","level":"info","message":"AI Flow Completed"}

{"service":"nomad-navigator","flowId":"masterParser_1757449303643_jtk5zyeql","flowName":"masterParser","inputLength":23,"category":"AI","timestamp":"2025-09-09 20:21:43","level":"info","message":"AI Flow Started"}

{"service":"nomad-navigator","flowId":"masterParser_1757449303643_jtk5zyeql","flowName":"masterParser","duration":21,"success":true,"metrics":{"confidence":"high","destinationCount":1,"processingTime":19},"category":"AI","timestamp":"2025-09-09 20:21:43","level":"info","message":"AI Flow Completed"}
{"service":"nomad-navigator","flowId":"masterParserV3_1757449303665_yo5ou61fv","flowName":"masterParserV3","inputLength":27,"category":"AI","timestamp":"2025-09-09 20:21:43","level":"info","message":"AI Flow Started"}
{"service":"nomad-navigator","flowId":"masterParser_1757449303666_pjzonuzi7","flowName":"masterParser","inputLength":27,"category":"AI","timestamp":"2025-09-09 20:21:43","level":"info","message":"AI Flow Started"}

{"service":"nomad-navigator","flowId":"masterParser_1757449303666_pjzonuzi7","flowName":"masterParser","duration":13,"success":true,"metrics":{"confidence":"medium","destinationCount":1,"processingTime":11},"category":"AI","timestamp":"2025-09-09 20:21:43","level":"info","message":"AI Flow Completed"}





{"service":"nomad-navigator","flowId":"masterParserV3_1757449303665_yo5ou61fv","flowName":"masterParserV3","duration":40,"success":true,"metrics":{"phase":"v3","confidence":"low","contextUsed":true,"predictionsGenerated":true,"processingTime":23},"category":"AI","timestamp":"2025-09-09 20:21:43","level":"info","message":"AI Flow Completed"}
{"service":"nomad-navigator","flowId":"masterParserV3_1757449303665_yo5ou61fv","flowName":"masterParserV3","duration":0,"success":false,"metrics":{"error":"import_enhanced_logger.enhancedLogger.info is not a function"},"category":"AI","timestamp":"2025-09-09 20:21:43","level":"info","message":"AI Flow Completed"}

{"service":"nomad-navigator","flowId":"masterParser_1757449303717_75ejtylhy","flowName":"masterParser","inputLength":27,"category":"AI","timestamp":"2025-09-09 20:21:43","level":"info","message":"AI Flow Started"}

{"service":"nomad-navigator","flowId":"masterParser_1757449303717_75ejtylhy","flowName":"masterParser","duration":13,"success":true,"metrics":{"confidence":"medium","destinationCount":1,"processingTime":12},"category":"AI","timestamp":"2025-09-09 20:21:43","level":"info","message":"AI Flow Completed"}
{"service":"nomad-navigator","flowId":"masterParserV3_1757449303734_05aftud4h","flowName":"masterParserV3","inputLength":41,"category":"AI","timestamp":"2025-09-09 20:21:43","level":"info","message":"AI Flow Started"}
{"service":"nomad-navigator","flowId":"masterParser_1757449303736_9hl7ptku2","flowName":"masterParser","inputLength":41,"category":"AI","timestamp":"2025-09-09 20:21:43","level":"info","message":"AI Flow Started"}

{"service":"nomad-navigator","flowId":"masterParser_1757449303736_9hl7ptku2","flowName":"masterParser","duration":24,"success":true,"metrics":{"confidence":"high","destinationCount":2,"processingTime":20},"category":"AI","timestamp":"2025-09-09 20:21:43","level":"info","message":"AI Flow Completed"}





{"service":"nomad-navigator","flowId":"masterParserV3_1757449303734_05aftud4h","flowName":"masterParserV3","duration":70,"success":true,"metrics":{"phase":"v3","confidence":"medium","contextUsed":true,"predictionsGenerated":true,"processingTime":44},"category":"AI","timestamp":"2025-09-09 20:21:43","level":"info","message":"AI Flow Completed"}
{"service":"nomad-navigator","flowId":"masterParserV3_1757449303734_05aftud4h","flowName":"masterParserV3","duration":0,"success":false,"metrics":{"error":"import_enhanced_logger.enhancedLogger.info is not a function"},"category":"AI","timestamp":"2025-09-09 20:21:43","level":"info","message":"AI Flow Completed"}

{"service":"nomad-navigator","flowId":"masterParser_1757449303826_ur2l1h81p","flowName":"masterParser","inputLength":41,"category":"AI","timestamp":"2025-09-09 20:21:43","level":"info","message":"AI Flow Started"}

{"service":"nomad-navigator","flowId":"masterParser_1757449303826_ur2l1h81p","flowName":"masterParser","duration":35,"success":true,"metrics":{"confidence":"high","destinationCount":2,"processingTime":29},"category":"AI","timestamp":"2025-09-09 20:21:43","level":"info","message":"AI Flow Completed"}
{"service":"nomad-navigator","flowId":"masterParserV3_1757449303867_v413sco6q","flowName":"masterParserV3","inputLength":42,"category":"AI","timestamp":"2025-09-09 20:21:43","level":"info","message":"AI Flow Started"}
{"service":"nomad-navigator","flowId":"masterParser_1757449303871_sa2ixs5w9","flowName":"masterParser","inputLength":42,"category":"AI","timestamp":"2025-09-09 20:21:43","level":"info","message":"AI Flow Started"}

{"service":"nomad-navigator","flowId":"masterParser_1757449303871_sa2ixs5w9","flowName":"masterParser","duration":37,"success":true,"metrics":{"confidence":"high","destinationCount":2,"processingTime":34},"category":"AI","timestamp":"2025-09-09 20:21:43","level":"info","message":"AI Flow Completed"}





{"service":"nomad-navigator","flowId":"masterParserV3_1757449303867_v413sco6q","flowName":"masterParserV3","duration":75,"success":true,"metrics":{"phase":"v3","confidence":"medium","contextUsed":true,"predictionsGenerated":true,"processingTime":51},"category":"AI","timestamp":"2025-09-09 20:21:43","level":"info","message":"AI Flow Completed"}
{"service":"nomad-navigator","flowId":"masterParserV3_1757449303867_v413sco6q","flowName":"masterParserV3","duration":0,"success":false,"metrics":{"error":"import_enhanced_logger.enhancedLogger.info is not a function"},"category":"AI","timestamp":"2025-09-09 20:21:43","level":"info","message":"AI Flow Completed"}

{"service":"nomad-navigator","flowId":"masterParser_1757449303959_ll6o2xlpo","flowName":"masterParser","inputLength":42,"category":"AI","timestamp":"2025-09-09 20:21:43","level":"info","message":"AI Flow Started"}

{"service":"nomad-navigator","flowId":"masterParser_1757449303959_ll6o2xlpo","flowName":"masterParser","duration":16,"success":true,"metrics":{"confidence":"high","destinationCount":2,"processingTime":15},"category":"AI","timestamp":"2025-09-09 20:21:43","level":"info","message":"AI Flow Completed"}
{"service":"nomad-navigator","flowId":"masterParserV3_1757449303976_tsmg7uatg","flowName":"masterParserV3","inputLength":40,"category":"AI","timestamp":"2025-09-09 20:21:43","level":"info","message":"AI Flow Started"}
{"service":"nomad-navigator","flowId":"masterParser_1757449303982_tocwsb2lu","flowName":"masterParser","inputLength":40,"category":"AI","timestamp":"2025-09-09 20:21:43","level":"info","message":"AI Flow Started"}

{"service":"nomad-navigator","flowId":"masterParser_1757449303982_tocwsb2lu","flowName":"masterParser","duration":20,"success":true,"metrics":{"confidence":"high","destinationCount":2,"processingTime":19},"category":"AI","timestamp":"2025-09-09 20:21:44","level":"info","message":"AI Flow Completed"}





{"service":"nomad-navigator","flowId":"masterParserV3_1757449303976_tsmg7uatg","flowName":"masterParserV3","duration":88,"success":true,"metrics":{"phase":"v3","confidence":"medium","contextUsed":true,"predictionsGenerated":true,"processingTime":35},"category":"AI","timestamp":"2025-09-09 20:21:44","level":"info","message":"AI Flow Completed"}
{"service":"nomad-navigator","flowId":"masterParserV3_1757449303976_tsmg7uatg","flowName":"masterParserV3","duration":0,"success":false,"metrics":{"error":"import_enhanced_logger.enhancedLogger.info is not a function"},"category":"AI","timestamp":"2025-09-09 20:21:44","level":"info","message":"AI Flow Completed"}

{"service":"nomad-navigator","flowId":"masterParser_1757449304087_9j3irwxh3","flowName":"masterParser","inputLength":40,"category":"AI","timestamp":"2025-09-09 20:21:44","level":"info","message":"AI Flow Started"}

{"service":"nomad-navigator","flowId":"masterParser_1757449304087_9j3irwxh3","flowName":"masterParser","duration":13,"success":true,"metrics":{"confidence":"high","destinationCount":2,"processingTime":13},"category":"AI","timestamp":"2025-09-09 20:21:44","level":"info","message":"AI Flow Completed"}
{"service":"nomad-navigator","flowId":"masterParserV3_1757449304102_h1wfln66j","flowName":"masterParserV3","inputLength":34,"category":"AI","timestamp":"2025-09-09 20:21:44","level":"info","message":"AI Flow Started"}
{"service":"nomad-navigator","flowId":"masterParser_1757449304104_hakh0f5qv","flowName":"masterParser","inputLength":34,"category":"AI","timestamp":"2025-09-09 20:21:44","level":"info","message":"AI Flow Started"}

{"service":"nomad-navigator","flowId":"masterParser_1757449304104_hakh0f5qv","flowName":"masterParser","duration":8,"success":true,"metrics":{"confidence":"medium","destinationCount":2,"processingTime":7},"category":"AI","timestamp":"2025-09-09 20:21:44","level":"info","message":"AI Flow Completed"}





{"service":"nomad-navigator","flowId":"masterParserV3_1757449304102_h1wfln66j","flowName":"masterParserV3","duration":52,"success":true,"metrics":{"phase":"v3","confidence":"medium","contextUsed":true,"predictionsGenerated":false,"processingTime":21},"category":"AI","timestamp":"2025-09-09 20:21:44","level":"info","message":"AI Flow Completed"}
{"service":"nomad-navigator","flowId":"masterParserV3_1757449304102_h1wfln66j","flowName":"masterParserV3","duration":0,"success":false,"metrics":{"error":"import_enhanced_logger.enhancedLogger.info is not a function"},"category":"AI","timestamp":"2025-09-09 20:21:44","level":"info","message":"AI Flow Completed"}

{"service":"nomad-navigator","flowId":"masterParser_1757449304170_4q52gnr00","flowName":"masterParser","inputLength":34,"category":"AI","timestamp":"2025-09-09 20:21:44","level":"info","message":"AI Flow Started"}

{"service":"nomad-navigator","flowId":"masterParser_1757449304170_4q52gnr00","flowName":"masterParser","duration":26,"success":true,"metrics":{"confidence":"medium","destinationCount":2,"processingTime":25},"category":"AI","timestamp":"2025-09-09 20:21:44","level":"info","message":"AI Flow Completed"}
{"service":"nomad-navigator","flowId":"masterParserV3_1757449304205_vfmyvxt0o","flowName":"masterParserV3","inputLength":37,"category":"AI","timestamp":"2025-09-09 20:21:44","level":"info","message":"AI Flow Started"}
{"service":"nomad-navigator","flowId":"masterParser_1757449304205_xu1xguuan","flowName":"masterParser","inputLength":37,"category":"AI","timestamp":"2025-09-09 20:21:44","level":"info","message":"AI Flow Started"}

{"service":"nomad-navigator","flowId":"masterParser_1757449304205_xu1xguuan","flowName":"masterParser","duration":12,"success":true,"metrics":{"confidence":"medium","destinationCount":2,"processingTime":10},"category":"AI","timestamp":"2025-09-09 20:21:44","level":"info","message":"AI Flow Completed"}





{"service":"nomad-navigator","flowId":"masterParserV3_1757449304205_vfmyvxt0o","flowName":"masterParserV3","duration":44,"success":true,"metrics":{"phase":"v3","confidence":"medium","contextUsed":true,"predictionsGenerated":false,"processingTime":21},"category":"AI","timestamp":"2025-09-09 20:21:44","level":"info","message":"AI Flow Completed"}
{"service":"nomad-navigator","flowId":"masterParserV3_1757449304205_vfmyvxt0o","flowName":"masterParserV3","duration":0,"success":false,"metrics":{"error":"import_enhanced_logger.enhancedLogger.info is not a function"},"category":"AI","timestamp":"2025-09-09 20:21:44","level":"info","message":"AI Flow Completed"}

{"service":"nomad-navigator","flowId":"masterParser_1757449304254_7n54gsyfv","flowName":"masterParser","inputLength":37,"category":"AI","timestamp":"2025-09-09 20:21:44","level":"info","message":"AI Flow Started"}

{"service":"nomad-navigator","flowId":"masterParser_1757449304254_7n54gsyfv","flowName":"masterParser","duration":22,"success":true,"metrics":{"confidence":"medium","destinationCount":2,"processingTime":18},"category":"AI","timestamp":"2025-09-09 20:21:44","level":"info","message":"AI Flow Completed"}
{"service":"nomad-navigator","flowId":"masterParserV3_1757449304280_651piyc3m","flowName":"masterParserV3","inputLength":34,"category":"AI","timestamp":"2025-09-09 20:21:44","level":"info","message":"AI Flow Started"}
{"service":"nomad-navigator","flowId":"masterParser_1757449304280_9jq8mla2y","flowName":"masterParser","inputLength":34,"category":"AI","timestamp":"2025-09-09 20:21:44","level":"info","message":"AI Flow Started"}

{"service":"nomad-navigator","flowId":"masterParser_1757449304280_9jq8mla2y","flowName":"masterParser","duration":45,"success":true,"metrics":{"confidence":"high","destinationCount":2,"processingTime":29},"category":"AI","timestamp":"2025-09-09 20:21:44","level":"info","message":"AI Flow Completed"}





{"service":"nomad-navigator","flowId":"masterParserV3_1757449304280_651piyc3m","flowName":"masterParserV3","duration":124,"success":true,"metrics":{"phase":"v3","confidence":"medium","contextUsed":true,"predictionsGenerated":false,"processingTime":86},"category":"AI","timestamp":"2025-09-09 20:21:44","level":"info","message":"AI Flow Completed"}
{"service":"nomad-navigator","flowId":"masterParserV3_1757449304280_651piyc3m","flowName":"masterParserV3","duration":0,"success":false,"metrics":{"error":"import_enhanced_logger.enhancedLogger.info is not a function"},"category":"AI","timestamp":"2025-09-09 20:21:44","level":"info","message":"AI Flow Completed"}

{"service":"nomad-navigator","flowId":"masterParser_1757449304424_j4l198pr0","flowName":"masterParser","inputLength":34,"category":"AI","timestamp":"2025-09-09 20:21:44","level":"info","message":"AI Flow Started"}

{"service":"nomad-navigator","flowId":"masterParser_1757449304424_j4l198pr0","flowName":"masterParser","duration":24,"success":true,"metrics":{"confidence":"high","destinationCount":2,"processingTime":20},"category":"AI","timestamp":"2025-09-09 20:21:44","level":"info","message":"AI Flow Completed"}






{"service":"nomad-navigator","flowId":"masterParserV3_1757449399521_ti9ynl0wm","flowName":"masterParserV3","inputLength":44,"category":"AI","timestamp":"2025-09-09 20:23:19","level":"info","message":"AI Flow Started"}


{"service":"nomad-navigator","flowId":"masterParser_1757449399553_9imv2awot","flowName":"masterParser","inputLength":44,"category":"AI","timestamp":"2025-09-09 20:23:19","level":"info","message":"AI Flow Started"}

{"service":"nomad-navigator","flowId":"masterParser_1757449399553_9imv2awot","flowName":"masterParser","duration":132,"success":true,"metrics":{"confidence":"high","destinationCount":2,"processingTime":130},"category":"AI","timestamp":"2025-09-09 20:23:19","level":"info","message":"AI Flow Completed"}




{"service":"nomad-navigator","flowId":"masterParserV3_1757449399521_ti9ynl0wm","flowName":"masterParserV3","duration":182,"success":true,"metrics":{"phase":"v3","confidence":"high","contextUsed":true,"predictionsGenerated":true,"processingTime":170},"category":"AI","timestamp":"2025-09-09 20:23:19","level":"info","message":"AI Flow Completed"}

{"service":"nomad-navigator","flowId":"masterParserV3_1757449399707_ifva9jhft","flowName":"masterParserV3","inputLength":27,"category":"AI","timestamp":"2025-09-09 20:23:19","level":"info","message":"AI Flow Started"}

{"service":"nomad-navigator","flowId":"masterParser_1757449399713_wz8h589uh","flowName":"masterParser","inputLength":27,"category":"AI","timestamp":"2025-09-09 20:23:19","level":"info","message":"AI Flow Started"}

{"service":"nomad-navigator","flowId":"masterParser_1757449399713_wz8h589uh","flowName":"masterParser","duration":17,"success":true,"metrics":{"confidence":"medium","destinationCount":1,"processingTime":17},"category":"AI","timestamp":"2025-09-09 20:23:19","level":"info","message":"AI Flow Completed"}




{"service":"nomad-navigator","flowId":"masterParserV3_1757449399707_ifva9jhft","flowName":"masterParserV3","duration":45,"success":true,"metrics":{"phase":"v3","confidence":"medium","contextUsed":true,"predictionsGenerated":true,"processingTime":31},"category":"AI","timestamp":"2025-09-09 20:23:19","level":"info","message":"AI Flow Completed"}

{"service":"nomad-navigator","flowId":"masterParserV3_1757449399758_rnjz6r78p","flowName":"masterParserV3","inputLength":34,"category":"AI","timestamp":"2025-09-09 20:23:19","level":"info","message":"AI Flow Started"}
{"service":"nomad-navigator","flowId":"masterParser_1757449399762_cvi1rr5tw","flowName":"masterParser","inputLength":34,"category":"AI","timestamp":"2025-09-09 20:23:19","level":"info","message":"AI Flow Started"}

{"service":"nomad-navigator","flowId":"masterParser_1757449399762_cvi1rr5tw","flowName":"masterParser","duration":11,"success":true,"metrics":{"confidence":"high","destinationCount":2,"processingTime":10},"category":"AI","timestamp":"2025-09-09 20:23:19","level":"info","message":"AI Flow Completed"}











{"service":"nomad-navigator","flowId":"masterParserV4_1757450059919_vu2p9i2y4","flowName":"masterParserV4","inputLength":41,"category":"AI","timestamp":"2025-09-09 20:34:19","level":"info","message":"AI Flow Started"}
{"service":"nomad-navigator","flowId":"masterParserV3_1757450059921_lrhgtpdth","flowName":"masterParserV3","inputLength":41,"category":"AI","timestamp":"2025-09-09 20:34:19","level":"info","message":"AI Flow Started"}
{"service":"nomad-navigator","flowId":"masterParser_1757450059922_ejd3n2d0b","flowName":"masterParser","inputLength":41,"category":"AI","timestamp":"2025-09-09 20:34:19","level":"info","message":"AI Flow Started"}

{"service":"nomad-navigator","flowId":"masterParser_1757450059922_ejd3n2d0b","flowName":"masterParser","duration":104,"success":true,"metrics":{"confidence":"high","destinationCount":2,"processingTime":102},"category":"AI","timestamp":"2025-09-09 20:34:20","level":"info","message":"AI Flow Completed"}




{"service":"nomad-navigator","flowId":"masterParserV3_1757450059921_lrhgtpdth","flowName":"masterParserV3","duration":118,"success":true,"metrics":{"phase":"v3","confidence":"medium","contextUsed":true,"predictionsGenerated":true,"processingTime":112},"category":"AI","timestamp":"2025-09-09 20:34:20","level":"info","message":"AI Flow Completed"}





{"service":"nomad-navigator","flowId":"masterParserV4_1757450059919_vu2p9i2y4","flowName":"masterParserV4","duration":667,"success":true,"metrics":{"phase":"v4","mode":"neural","neuralUsed":true,"embeddingUsed":true,"sequenceUsed":false,"confidence":"medium","processingTime":665},"category":"AI","timestamp":"2025-09-09 20:34:20","level":"info","message":"AI Flow Completed"}

{"service":"nomad-navigator","flowId":"masterParserV4_1757450060588_2ew5w284e","flowName":"masterParserV4","inputLength":38,"category":"AI","timestamp":"2025-09-09 20:34:20","level":"info","message":"AI Flow Started"}
{"service":"nomad-navigator","flowId":"masterParserV3_1757450060589_i92wkk48p","flowName":"masterParserV3","inputLength":38,"category":"AI","timestamp":"2025-09-09 20:34:20","level":"info","message":"AI Flow Started"}
{"service":"nomad-navigator","flowId":"masterParser_1757450060589_ogxvy23km","flowName":"masterParser","inputLength":38,"category":"AI","timestamp":"2025-09-09 20:34:20","level":"info","message":"AI Flow Started"}

{"service":"nomad-navigator","flowId":"masterParser_1757450060589_ogxvy23km","flowName":"masterParser","duration":17,"success":true,"metrics":{"confidence":"low","destinationCount":0,"processingTime":16},"category":"AI","timestamp":"2025-09-09 20:34:20","level":"info","message":"AI Flow Completed"}



{"service":"nomad-navigator","flowId":"masterParserV3_1757450060589_i92wkk48p","flowName":"masterParserV3","duration":20,"success":true,"metrics":{"phase":"v3","confidence":"low","contextUsed":true,"predictionsGenerated":true,"processingTime":20},"category":"AI","timestamp":"2025-09-09 20:34:20","level":"info","message":"AI Flow Completed"}



{"service":"nomad-navigator","flowId":"masterParserV4_1757450060588_2ew5w284e","flowName":"masterParserV4","duration":433,"success":true,"metrics":{"phase":"v4","mode":"neural","neuralUsed":true,"embeddingUsed":false,"sequenceUsed":false,"confidence":"low","processingTime":433},"category":"AI","timestamp":"2025-09-09 20:34:21","level":"info","message":"AI Flow Completed"}

{"service":"nomad-navigator","flowId":"masterParserV4_1757450061022_8sfzgxjt5","flowName":"masterParserV4","inputLength":36,"category":"AI","timestamp":"2025-09-09 20:34:21","level":"info","message":"AI Flow Started"}
{"service":"nomad-navigator","flowId":"masterParserV3_1757450061023_yw94n5uax","flowName":"masterParserV3","inputLength":36,"category":"AI","timestamp":"2025-09-09 20:34:21","level":"info","message":"AI Flow Started"}
{"service":"nomad-navigator","flowId":"masterParser_1757450061023_gpz5nwkip","flowName":"masterParser","inputLength":36,"category":"AI","timestamp":"2025-09-09 20:34:21","level":"info","message":"AI Flow Started"}

{"service":"nomad-navigator","flowId":"masterParser_1757450061023_gpz5nwkip","flowName":"masterParser","duration":13,"success":true,"metrics":{"confidence":"medium","destinationCount":2,"processingTime":12},"category":"AI","timestamp":"2025-09-09 20:34:21","level":"info","message":"AI Flow Completed"}



{"service":"nomad-navigator","flowId":"masterParser_1757450289975_jxjaoelai","flowName":"masterParser","inputLength":76,"category":"AI","timestamp":"2025-09-09 20:38:09","level":"info","message":"AI Flow Started"}

{"service":"nomad-navigator","flowId":"masterParser_1757450289975_jxjaoelai","flowName":"masterParser","duration":203,"success":true,"metrics":{"confidence":"medium","destinationCount":1,"processingTime":199},"category":"AI","timestamp":"2025-09-09 20:38:10","level":"info","message":"AI Flow Completed"}
{"service":"nomad-navigator","flowId":"masterParser_1757450557503_jakpisple","flowName":"masterParser","inputLength":262,"category":"AI","timestamp":"2025-09-09 20:42:37","level":"info","message":"AI Flow Started"}

{"service":"nomad-navigator","flowId":"masterParser_1757450557503_jakpisple","flowName":"masterParser","duration":72,"success":true,"metrics":{"confidence":"high","destinationCount":9,"processingTime":70},"category":"AI","timestamp":"2025-09-09 20:42:37","level":"info","message":"AI Flow Completed"}
